0 info it worked if it ends with ok
1 verbose cli [ 'C:\\Program Files\\nodejs\\\\node.exe',
1 verbose cli   'C:\\Program Files\\nodejs\\node_modules\\npm\\bin\\npm-cli.js',
1 verbose cli   'uninstall',
1 verbose cli   '-g',
1 verbose cli   'bower' ]
2 info using npm@1.4.28
3 info using node@v0.10.33
4 verbose node symlink C:\Program Files\nodejs\\node.exe
5 verbose node_modules\bower unbuild
6 error Error: EPERM, unlink 'C:\Users\kra\AppData\Roaming\npm\node_modules\bower\node_modules\inquirer\node_modules\through\test'
6 error  { [Error: EPERM, unlink 'C:\Users\kra\AppData\Roaming\npm\node_modules\bower\node_modules\inquirer\node_modules\through\test']
6 error   errno: 50,
6 error   code: 'EPERM',
6 error   path: 'C:\\Users\\kra\\AppData\\Roaming\\npm\\node_modules\\bower\\node_modules\\inquirer\\node_modules\\through\\test' }
7 error Please try running this command again as root/Administrator.
8 error System Windows_NT 6.2.9200
9 error command "C:\\Program Files\\nodejs\\\\node.exe" "C:\\Program Files\\nodejs\\node_modules\\npm\\bin\\npm-cli.js" "uninstall" "-g" "bower"
10 error cwd C:\Users\kra\Documents\GitHub\ngCesium
11 error node -v v0.10.33
12 error npm -v 1.4.28
13 error path C:\Users\kra\AppData\Roaming\npm\node_modules\bower\node_modules\inquirer\node_modules\through\test
14 error code EPERM
15 error errno 50
16 error stack Error: EPERM, unlink 'C:\Users\kra\AppData\Roaming\npm\node_modules\bower\node_modules\inquirer\node_modules\through\test'
17 verbose exit [ 50, true ]
